2020-10-08 00:04:29 c.n.d.s.r.a.ConfigClusterResolver - Resolving eureka endpoints via configuration
2020-10-08 00:09:29 c.n.d.s.r.a.ConfigClusterResolver - Resolving eureka endpoints via configuration
2020-10-08 00:14:29 c.n.d.s.r.a.ConfigClusterResolver - Resolving eureka endpoints via configuration
2020-10-08 00:19:29 c.n.d.s.r.a.ConfigClusterResolver - Resolving eureka endpoints via configuration
2020-10-08 00:24:29 c.n.d.s.r.a.ConfigClusterResolver - Resolving eureka endpoints via configuration
2020-10-08 00:29:29 c.n.d.s.r.a.ConfigClusterResolver - Resolving eureka endpoints via configuration
2020-10-08 00:34:29 c.n.d.s.r.a.ConfigClusterResolver - Resolving eureka endpoints via configuration
2020-10-08 00:39:29 c.n.d.s.r.a.ConfigClusterResolver - Resolving eureka endpoints via configuration
2020-10-08 00:44:29 c.n.d.s.r.a.ConfigClusterResolver - Resolving eureka endpoints via configuration
2020-10-08 00:49:29 c.n.d.s.r.a.ConfigClusterResolver - Resolving eureka endpoints via configuration
2020-10-08 00:54:29 c.n.d.s.r.a.ConfigClusterResolver - Resolving eureka endpoints via configuration
2020-10-08 00:59:29 c.n.d.s.r.a.ConfigClusterResolver - Resolving eureka endpoints via configuration
2020-10-08 01:04:29 c.n.d.s.r.a.ConfigClusterResolver - Resolving eureka endpoints via configuration
2020-10-08 01:09:29 c.n.d.s.r.a.ConfigClusterResolver - Resolving eureka endpoints via configuration
2020-10-08 01:14:29 c.n.d.s.r.a.ConfigClusterResolver - Resolving eureka endpoints via configuration
2020-10-08 01:19:29 c.n.d.s.r.a.ConfigClusterResolver - Resolving eureka endpoints via configuration
2020-10-08 01:24:29 c.n.d.s.r.a.ConfigClusterResolver - Resolving eureka endpoints via configuration
2020-10-08 01:29:29 c.n.d.s.r.a.ConfigClusterResolver - Resolving eureka endpoints via configuration
2020-10-08 01:34:29 c.n.d.s.r.a.ConfigClusterResolver - Resolving eureka endpoints via configuration
2020-10-08 01:39:29 c.n.d.s.r.a.ConfigClusterResolver - Resolving eureka endpoints via configuration
2020-10-08 01:44:29 c.n.d.s.r.a.ConfigClusterResolver - Resolving eureka endpoints via configuration
2020-10-08 01:49:29 c.n.d.s.r.a.ConfigClusterResolver - Resolving eureka endpoints via configuration
2020-10-08 01:54:29 c.n.d.s.r.a.ConfigClusterResolver - Resolving eureka endpoints via configuration
2020-10-08 01:59:29 c.n.d.s.r.a.ConfigClusterResolver - Resolving eureka endpoints via configuration
2020-10-08 02:04:29 c.n.d.s.r.a.ConfigClusterResolver - Resolving eureka endpoints via configuration
2020-10-08 02:09:29 c.n.d.s.r.a.ConfigClusterResolver - Resolving eureka endpoints via configuration
2020-10-08 02:14:29 c.n.d.s.r.a.ConfigClusterResolver - Resolving eureka endpoints via configuration
2020-10-08 02:19:29 c.n.d.s.r.a.ConfigClusterResolver - Resolving eureka endpoints via configuration
2020-10-08 02:24:29 c.n.d.s.r.a.ConfigClusterResolver - Resolving eureka endpoints via configuration
2020-10-08 02:29:29 c.n.d.s.r.a.ConfigClusterResolver - Resolving eureka endpoints via configuration
2020-10-08 02:34:29 c.n.d.s.r.a.ConfigClusterResolver - Resolving eureka endpoints via configuration
2020-10-08 02:39:29 c.n.d.s.r.a.ConfigClusterResolver - Resolving eureka endpoints via configuration
2020-10-08 02:44:29 c.n.d.s.r.a.ConfigClusterResolver - Resolving eureka endpoints via configuration
2020-10-08 02:49:29 c.n.d.s.r.a.ConfigClusterResolver - Resolving eureka endpoints via configuration
2020-10-08 02:54:29 c.n.d.s.r.a.ConfigClusterResolver - Resolving eureka endpoints via configuration
2020-10-08 02:59:29 c.n.d.s.r.a.ConfigClusterResolver - Resolving eureka endpoints via configuration
2020-10-08 03:04:29 c.n.d.s.r.a.ConfigClusterResolver - Resolving eureka endpoints via configuration
2020-10-08 03:09:29 c.n.d.s.r.a.ConfigClusterResolver - Resolving eureka endpoints via configuration
2020-10-08 03:14:29 c.n.d.s.r.a.ConfigClusterResolver - Resolving eureka endpoints via configuration
2020-10-08 03:19:29 c.n.d.s.r.a.ConfigClusterResolver - Resolving eureka endpoints via configuration
2020-10-08 03:24:29 c.n.d.s.r.a.ConfigClusterResolver - Resolving eureka endpoints via configuration
2020-10-08 03:29:29 c.n.d.s.r.a.ConfigClusterResolver - Resolving eureka endpoints via configuration
2020-10-08 03:34:29 c.n.d.s.r.a.ConfigClusterResolver - Resolving eureka endpoints via configuration
2020-10-08 03:39:29 c.n.d.s.r.a.ConfigClusterResolver - Resolving eureka endpoints via configuration
2020-10-08 03:44:29 c.n.d.s.r.a.ConfigClusterResolver - Resolving eureka endpoints via configuration
2020-10-08 03:49:29 c.n.d.s.r.a.ConfigClusterResolver - Resolving eureka endpoints via configuration
2020-10-08 03:54:29 c.n.d.s.r.a.ConfigClusterResolver - Resolving eureka endpoints via configuration
2020-10-08 03:59:29 c.n.d.s.r.a.ConfigClusterResolver - Resolving eureka endpoints via configuration
2020-10-08 04:04:29 c.n.d.s.r.a.ConfigClusterResolver - Resolving eureka endpoints via configuration
2020-10-08 04:09:29 c.n.d.s.r.a.ConfigClusterResolver - Resolving eureka endpoints via configuration
2020-10-08 04:14:29 c.n.d.s.r.a.ConfigClusterResolver - Resolving eureka endpoints via configuration
2020-10-08 04:19:29 c.n.d.s.r.a.ConfigClusterResolver - Resolving eureka endpoints via configuration
2020-10-08 04:24:29 c.n.d.s.r.a.ConfigClusterResolver - Resolving eureka endpoints via configuration
2020-10-08 04:29:29 c.n.d.s.r.a.ConfigClusterResolver - Resolving eureka endpoints via configuration
2020-10-08 04:34:29 c.n.d.s.r.a.ConfigClusterResolver - Resolving eureka endpoints via configuration
2020-10-08 04:39:29 c.n.d.s.r.a.ConfigClusterResolver - Resolving eureka endpoints via configuration
2020-10-08 04:44:29 c.n.d.s.r.a.ConfigClusterResolver - Resolving eureka endpoints via configuration
2020-10-08 04:49:29 c.n.d.s.r.a.ConfigClusterResolver - Resolving eureka endpoints via configuration
2020-10-08 04:54:29 c.n.d.s.r.a.ConfigClusterResolver - Resolving eureka endpoints via configuration
2020-10-08 04:59:29 c.n.d.s.r.a.ConfigClusterResolver - Resolving eureka endpoints via configuration
2020-10-08 05:04:29 c.n.d.s.r.a.ConfigClusterResolver - Resolving eureka endpoints via configuration
2020-10-08 05:09:29 c.n.d.s.r.a.ConfigClusterResolver - Resolving eureka endpoints via configuration
2020-10-08 05:14:29 c.n.d.s.r.a.ConfigClusterResolver - Resolving eureka endpoints via configuration
2020-10-08 05:19:29 c.n.d.s.r.a.ConfigClusterResolver - Resolving eureka endpoints via configuration
2020-10-08 05:24:29 c.n.d.s.r.a.ConfigClusterResolver - Resolving eureka endpoints via configuration
2020-10-08 05:29:29 c.n.d.s.r.a.ConfigClusterResolver - Resolving eureka endpoints via configuration
2020-10-08 05:34:29 c.n.d.s.r.a.ConfigClusterResolver - Resolving eureka endpoints via configuration
2020-10-08 05:39:29 c.n.d.s.r.a.ConfigClusterResolver - Resolving eureka endpoints via configuration
2020-10-08 05:44:29 c.n.d.s.r.a.ConfigClusterResolver - Resolving eureka endpoints via configuration
2020-10-08 05:49:29 c.n.d.s.r.a.ConfigClusterResolver - Resolving eureka endpoints via configuration
2020-10-08 05:54:29 c.n.d.s.r.a.ConfigClusterResolver - Resolving eureka endpoints via configuration
2020-10-08 05:59:29 c.n.d.s.r.a.ConfigClusterResolver - Resolving eureka endpoints via configuration
2020-10-08 06:04:29 c.n.d.s.r.a.ConfigClusterResolver - Resolving eureka endpoints via configuration
2020-10-08 06:09:29 c.n.d.s.r.a.ConfigClusterResolver - Resolving eureka endpoints via configuration
2020-10-08 06:14:29 c.n.d.s.r.a.ConfigClusterResolver - Resolving eureka endpoints via configuration
2020-10-08 06:19:29 c.n.d.s.r.a.ConfigClusterResolver - Resolving eureka endpoints via configuration
2020-10-08 06:24:29 c.n.d.s.r.a.ConfigClusterResolver - Resolving eureka endpoints via configuration
2020-10-08 06:29:29 c.n.d.s.r.a.ConfigClusterResolver - Resolving eureka endpoints via configuration
2020-10-08 06:34:29 c.n.d.s.r.a.ConfigClusterResolver - Resolving eureka endpoints via configuration
2020-10-08 06:39:29 c.n.d.s.r.a.ConfigClusterResolver - Resolving eureka endpoints via configuration
2020-10-08 06:44:29 c.n.d.s.r.a.ConfigClusterResolver - Resolving eureka endpoints via configuration
2020-10-08 06:49:29 c.n.d.s.r.a.ConfigClusterResolver - Resolving eureka endpoints via configuration
2020-10-08 06:54:29 c.n.d.s.r.a.ConfigClusterResolver - Resolving eureka endpoints via configuration
2020-10-08 06:59:29 c.n.d.s.r.a.ConfigClusterResolver - Resolving eureka endpoints via configuration
2020-10-08 07:04:29 c.n.d.s.r.a.ConfigClusterResolver - Resolving eureka endpoints via configuration
2020-10-08 07:09:29 c.n.d.s.r.a.ConfigClusterResolver - Resolving eureka endpoints via configuration
2020-10-08 07:14:29 c.n.d.s.r.a.ConfigClusterResolver - Resolving eureka endpoints via configuration
2020-10-08 07:19:29 c.n.d.s.r.a.ConfigClusterResolver - Resolving eureka endpoints via configuration
2020-10-08 07:24:29 c.n.d.s.r.a.ConfigClusterResolver - Resolving eureka endpoints via configuration
2020-10-08 07:29:29 c.n.d.s.r.a.ConfigClusterResolver - Resolving eureka endpoints via configuration
2020-10-08 07:34:29 c.n.d.s.r.a.ConfigClusterResolver - Resolving eureka endpoints via configuration
2020-10-08 07:39:29 c.n.d.s.r.a.ConfigClusterResolver - Resolving eureka endpoints via configuration
2020-10-08 07:44:29 c.n.d.s.r.a.ConfigClusterResolver - Resolving eureka endpoints via configuration
2020-10-08 07:49:29 c.n.d.s.r.a.ConfigClusterResolver - Resolving eureka endpoints via configuration
2020-10-08 07:54:29 c.n.d.s.r.a.ConfigClusterResolver - Resolving eureka endpoints via configuration
2020-10-08 07:59:29 c.n.d.s.r.a.ConfigClusterResolver - Resolving eureka endpoints via configuration
2020-10-08 08:04:29 c.n.d.s.r.a.ConfigClusterResolver - Resolving eureka endpoints via configuration
2020-10-08 08:09:29 c.n.d.s.r.a.ConfigClusterResolver - Resolving eureka endpoints via configuration
2020-10-08 08:14:29 c.n.d.s.r.a.ConfigClusterResolver - Resolving eureka endpoints via configuration
2020-10-08 08:19:29 c.n.d.s.r.a.ConfigClusterResolver - Resolving eureka endpoints via configuration
2020-10-08 08:24:29 c.n.d.s.r.a.ConfigClusterResolver - Resolving eureka endpoints via configuration
2020-10-08 08:29:29 c.n.d.s.r.a.ConfigClusterResolver - Resolving eureka endpoints via configuration
2020-10-08 08:34:29 c.n.d.s.r.a.ConfigClusterResolver - Resolving eureka endpoints via configuration
2020-10-08 08:39:29 c.n.d.s.r.a.ConfigClusterResolver - Resolving eureka endpoints via configuration
2020-10-08 08:44:29 c.n.d.s.r.a.ConfigClusterResolver - Resolving eureka endpoints via configuration
2020-10-08 08:49:29 c.n.d.s.r.a.ConfigClusterResolver - Resolving eureka endpoints via configuration
2020-10-08 08:54:29 c.n.d.s.r.a.ConfigClusterResolver - Resolving eureka endpoints via configuration
2020-10-08 08:59:29 c.n.d.s.r.a.ConfigClusterResolver - Resolving eureka endpoints via configuration
2020-10-08 09:04:29 c.n.d.s.r.a.ConfigClusterResolver - Resolving eureka endpoints via configuration
2020-10-08 09:09:29 c.n.d.s.r.a.ConfigClusterResolver - Resolving eureka endpoints via configuration
2020-10-08 09:14:29 c.n.d.s.r.a.ConfigClusterResolver - Resolving eureka endpoints via configuration
2020-10-08 09:19:29 c.n.d.s.r.a.ConfigClusterResolver - Resolving eureka endpoints via configuration
2020-10-08 09:24:29 c.n.d.s.r.a.ConfigClusterResolver - Resolving eureka endpoints via configuration
2020-10-08 09:29:29 c.n.d.s.r.a.ConfigClusterResolver - Resolving eureka endpoints via configuration
2020-10-08 09:34:29 c.n.d.s.r.a.ConfigClusterResolver - Resolving eureka endpoints via configuration
2020-10-08 09:39:29 c.n.d.s.r.a.ConfigClusterResolver - Resolving eureka endpoints via configuration
2020-10-08 09:44:29 c.n.d.s.r.a.ConfigClusterResolver - Resolving eureka endpoints via configuration
2020-10-08 09:49:29 c.n.d.s.r.a.ConfigClusterResolver - Resolving eureka endpoints via configuration
2020-10-08 09:54:29 c.n.d.s.r.a.ConfigClusterResolver - Resolving eureka endpoints via configuration
2020-10-08 09:59:29 c.n.d.s.r.a.ConfigClusterResolver - Resolving eureka endpoints via configuration
2020-10-08 10:04:29 c.n.d.s.r.a.ConfigClusterResolver - Resolving eureka endpoints via configuration
2020-10-08 10:04:54 c.e.s.c.OrderFlinkController - 进入新增订单《《《《《《《《《《
2020-10-08 10:04:55 o.s.b.f.x.XmlBeanDefinitionReader - Loading XML bean definitions from class path resource [org/springframework/jdbc/support/sql-error-codes.xml]
2020-10-08 10:05:48 c.e.s.c.OrderFlinkController - 进入新增订单《《《《《《《《《《
2020-10-08 10:06:30 o.s.c.a.AnnotationConfigApplicationContext - Refreshing org.springframework.context.annotation.AnnotationConfigApplicationContext@ff684e1: startup date [Thu Oct 08 10:06:30 CST 2020]; root of context hierarchy
2020-10-08 10:06:30 o.s.b.f.a.AutowiredAnnotationBeanPostProcessor - JSR-330 'javax.inject.Inject' annotation found and supported for autowiring
2020-10-08 10:06:30 o.s.c.s.PostProcessorRegistrationDelegate$BeanPostProcessorChecker - Bean 'configurationPropertiesRebinderAutoConfiguration' of type [org.springframework.cloud.autoconfigure.ConfigurationPropertiesRebinderAutoConfiguration$$EnhancerBySpringCGLIB$$aae1077] is not eligible for getting processed by all BeanPostProcessors (for example: not eligible for auto-proxying)
2020-10-08 10:06:32 c.e.s.SpringserviceApplication - No active profile set, falling back to default profiles: default
2020-10-08 10:06:32 o.s.b.w.s.c.AnnotationConfigServletWebServerApplicationContext - Refreshing org.springframework.boot.web.servlet.context.AnnotationConfigServletWebServerApplicationContext@29d334c: startup date [Thu Oct 08 10:06:32 CST 2020]; parent: org.springframework.context.annotation.AnnotationConfigApplicationContext@ff684e1
2020-10-08 10:06:32 o.s.d.r.c.RepositoryConfigurationDelegate - Multiple Spring Data modules found, entering strict repository configuration mode!
2020-10-08 10:06:33 o.s.c.c.scope.GenericScope - BeanFactory id=e43b4e13-3db1-3ae3-b61a-f91566b952a5
2020-10-08 10:06:33 o.s.b.f.a.AutowiredAnnotationBeanPostProcessor - JSR-330 'javax.inject.Inject' annotation found and supported for autowiring
2020-10-08 10:06:33 o.s.c.s.PostProcessorRegistrationDelegate$BeanPostProcessorChecker - Bean 'org.springframework.kafka.annotation.KafkaBootstrapConfiguration' of type [org.springframework.kafka.annotation.KafkaBootstrapConfiguration$$EnhancerBySpringCGLIB$$c2461efd] is not eligible for getting processed by all BeanPostProcessors (for example: not eligible for auto-proxying)
2020-10-08 10:06:33 o.s.c.s.PostProcessorRegistrationDelegate$BeanPostProcessorChecker - Bean 'org.springframework.transaction.annotation.ProxyTransactionManagementConfiguration' of type [org.springframework.transaction.annotation.ProxyTransactionManagementConfiguration$$EnhancerBySpringCGLIB$$ee940d7a] is not eligible for getting processed by all BeanPostProcessors (for example: not eligible for auto-proxying)
2020-10-08 10:06:33 o.s.c.s.PostProcessorRegistrationDelegate$BeanPostProcessorChecker - Bean 'org.springframework.cloud.autoconfigure.ConfigurationPropertiesRebinderAutoConfiguration' of type [org.springframework.cloud.autoconfigure.ConfigurationPropertiesRebinderAutoConfiguration$$EnhancerBySpringCGLIB$$aae1077] is not eligible for getting processed by all BeanPostProcessors (for example: not eligible for auto-proxying)
2020-10-08 10:06:34 o.s.b.w.e.t.TomcatWebServer - Tomcat initialized with port(s): 8784 (http)
2020-10-08 10:06:34 o.a.c.http11.Http11NioProtocol - Initializing ProtocolHandler ["http-nio-8784"]
2020-10-08 10:06:34 o.a.c.core.StandardService - Starting service [Tomcat]
2020-10-08 10:06:34 o.a.c.core.StandardEngine - Starting Servlet Engine: Apache Tomcat/8.5.34
2020-10-08 10:06:34 o.a.c.c.AprLifecycleListener - The APR based Apache Tomcat Native library which allows optimal performance in production environments was not found on the java.library.path: [D:\soft\Java8\Java8\bin;C:\Windows\Sun\Java\bin;C:\Windows\system32;C:\Windows;D:\softapp\develop\Xshell6\Xlpd 6\;D:\softapp\develop\Xshell6\Xftp 6\;D:\softapp\develop\Xshell6\Xshell 6\;D:\softapp\develop\Xshell6\Xmanager 6\;C:\Windows\system32;C:\Windows;C:\Windows\System32\Wbem;C:\Windows\System32\WindowsPowerShell\v1.0\;C:\Windows\System32\OpenSSH\;D:\softapp\develop\Git\cmd;D:\softapp\develop\node\;E:\allSoft\develop\mysql-5.6.46-winx64\bin;D:\soft\node\new\node-v13.9.0-win-x64;D:\soft\node\new\node-v13.9.0-win-x64\node_global;D:\soft\Java8\Java8\bin;D:\softapp\develop\maven\apache-maven-3.6.3\bin;D:\softapp\develop\scala\scala-2.12.12\bin;D:\softapp\develop\tortoiseGit\bin;C:\Users\why\AppData\Local\Microsoft\WindowsApps;C:\Users\why\AppData\Local\BypassRuntm;C:\Users\why\AppData\Local\Programs\Microsoft VS Code\bin;C:\Users\why\AppData\Roaming\npm;D:\softapp\daily\bandizip\;.]
2020-10-08 10:06:34 o.a.c.c.C.[.[localhost].[/] - Initializing Spring embedded WebApplicationContext
2020-10-08 10:06:34 o.s.web.context.ContextLoader - Root WebApplicationContext: initialization completed in 2317 ms
2020-10-08 10:06:35 o.s.b.w.s.FilterRegistrationBean - Mapping filter: 'characterEncodingFilter' to: [/*]
2020-10-08 10:06:35 o.s.b.w.s.FilterRegistrationBean - Mapping filter: 'tracingFilter' to: [/*]
2020-10-08 10:06:35 o.s.b.w.s.FilterRegistrationBean - Mapping filter: 'exceptionLoggingFilter' to: [/*]
2020-10-08 10:06:35 o.s.b.w.s.FilterRegistrationBean - Mapping filter: 'hiddenHttpMethodFilter' to: [/*]
2020-10-08 10:06:35 o.s.b.w.s.FilterRegistrationBean - Mapping filter: 'httpPutFormContentFilter' to: [/*]
2020-10-08 10:06:35 o.s.b.w.s.FilterRegistrationBean - Mapping filter: 'requestContextFilter' to: [/*]
2020-10-08 10:06:35 o.s.b.w.s.FilterRegistrationBean - Mapping filter: 'webStatFilter' to urls: [/*]
2020-10-08 10:06:35 o.s.b.w.s.ServletRegistrationBean - Servlet dispatcherServlet mapped to [/]
2020-10-08 10:06:35 o.s.b.w.s.ServletRegistrationBean - Servlet statViewServlet mapped to [/druid/*]
2020-10-08 10:06:35 c.a.d.s.b.a.DruidDataSourceAutoConfigure - Init DruidDataSource
2020-10-08 10:06:36 c.a.druid.pool.DruidDataSource - {dataSource-1} inited
2020-10-08 10:06:37 org.redisson.Version - Redisson 3.11.2
2020-10-08 10:06:37 o.r.c.p.MasterPubSubConnectionPool - 1 connections initialized for 192.168.140.130/192.168.140.130:6379
2020-10-08 10:06:37 o.r.c.p.MasterConnectionPool - 24 connections initialized for 192.168.140.130/192.168.140.130:6379
2020-10-08 10:06:38 c.n.c.s.URLConfigurationSource - To enable URLs as dynamic configuration sources, define System property archaius.configurationSource.additionalUrls or make config.properties available on classpath.
2020-10-08 10:06:38 c.n.c.s.URLConfigurationSource - To enable URLs as dynamic configuration sources, define System property archaius.configurationSource.additionalUrls or make config.properties available on classpath.
2020-10-08 10:06:38 o.s.w.s.h.SimpleUrlHandlerMapping - Mapped URL path [/**/favicon.ico] onto handler of type [class org.springframework.web.servlet.resource.ResourceHttpRequestHandler]
2020-10-08 10:06:38 o.s.w.s.m.m.a.RequestMappingHandlerAdapter - Looking for @ControllerAdvice: org.springframework.boot.web.servlet.context.AnnotationConfigServletWebServerApplicationContext@29d334c: startup date [Thu Oct 08 10:06:32 CST 2020]; parent: org.springframework.context.annotation.AnnotationConfigApplicationContext@ff684e1
2020-10-08 10:06:38 o.s.w.s.m.m.a.RequestMappingHandlerMapping - Mapped "{[/test]}" onto public java.lang.String com.example.springservice.controller.OrderFlinkController.test(java.lang.String)
2020-10-08 10:06:38 o.s.w.s.m.m.a.RequestMappingHandlerMapping - Mapped "{[/addOrderFlink]}" onto public java.lang.String com.example.springservice.controller.OrderFlinkController.addOrderFlink(com.example.springpublic.entity.OderAddParam)
2020-10-08 10:06:38 o.s.w.s.m.m.a.RequestMappingHandlerMapping - Mapped "{[/test],methods=[GET]}" onto public java.lang.Object com.example.springservice.controller.RedissonLockTest.test()
2020-10-08 10:06:38 o.s.w.s.m.m.a.RequestMappingHandlerMapping - Mapped "{[/add],methods=[POST]}" onto public int com.example.springservice.controller.UserController.addUser(com.example.springservice.model.UserDomain)
2020-10-08 10:06:38 o.s.w.s.m.m.a.RequestMappingHandlerMapping - Mapped "{[/addOrderDetil]}" onto public java.lang.String com.example.springservice.controller.UserController.addOrderDetil(com.example.springpublic.entity.OderAddParam)
2020-10-08 10:06:38 o.s.w.s.m.m.a.RequestMappingHandlerMapping - Mapped "{[/addOrder],methods=[GET]}" onto public java.lang.Object com.example.springservice.controller.UserController.addOrder()
2020-10-08 10:06:38 o.s.w.s.m.m.a.RequestMappingHandlerMapping - Mapped "{[/findRedis]}" onto public java.lang.String com.example.springservice.controller.UserController.findRedis()
2020-10-08 10:06:38 o.s.w.s.m.m.a.RequestMappingHandlerMapping - Mapped "{[/cleanRedis]}" onto public java.lang.String com.example.springservice.controller.UserController.cleanRedis()
2020-10-08 10:06:38 o.s.w.s.m.m.a.RequestMappingHandlerMapping - Mapped "{[/error]}" onto public org.springframework.http.ResponseEntity<java.util.Map<java.lang.String, java.lang.Object>> org.springframework.boot.autoconfigure.web.servlet.error.BasicErrorController.error(javax.servlet.http.HttpServletRequest)
2020-10-08 10:06:38 o.s.w.s.m.m.a.RequestMappingHandlerMapping - Mapped "{[/error],produces=[text/html]}" onto public org.springframework.web.servlet.ModelAndView org.springframework.boot.autoconfigure.web.servlet.error.BasicErrorController.errorHtml(javax.servlet.http.HttpServletRequest,javax.servlet.http.HttpServletResponse)
2020-10-08 10:06:38 o.s.w.s.h.SimpleUrlHandlerMapping - Mapped URL path [/webjars/**] onto handler of type [class org.springframework.web.servlet.resource.ResourceHttpRequestHandler]
2020-10-08 10:06:38 o.s.w.s.h.SimpleUrlHandlerMapping - Mapped URL path [/**] onto handler of type [class org.springframework.web.servlet.resource.ResourceHttpRequestHandler]
2020-10-08 10:06:41 o.s.c.commons.util.InetUtils - Cannot determine local hostname
2020-10-08 10:06:42 o.s.c.commons.util.InetUtils - Cannot determine local hostname
2020-10-08 10:06:43 o.s.j.e.a.AnnotationMBeanExporter - Registering beans for JMX exposure on startup
2020-10-08 10:06:43 o.s.j.e.a.AnnotationMBeanExporter - Bean with name 'statFilter' has been autodetected for JMX exposure
2020-10-08 10:06:43 o.s.j.e.a.AnnotationMBeanExporter - Bean with name 'dataSource' has been autodetected for JMX exposure
2020-10-08 10:06:43 o.s.j.e.a.AnnotationMBeanExporter - Bean with name 'refreshScope' has been autodetected for JMX exposure
2020-10-08 10:06:43 o.s.j.e.a.AnnotationMBeanExporter - Bean with name 'configurationPropertiesRebinder' has been autodetected for JMX exposure
2020-10-08 10:06:43 o.s.j.e.a.AnnotationMBeanExporter - Bean with name 'environmentManager' has been autodetected for JMX exposure
2020-10-08 10:06:43 o.s.j.e.a.AnnotationMBeanExporter - Located managed bean 'environmentManager': registering with JMX server as MBean [org.springframework.cloud.context.environment:name=environmentManager,type=EnvironmentManager]
2020-10-08 10:06:43 o.s.j.e.a.AnnotationMBeanExporter - Located managed bean 'refreshScope': registering with JMX server as MBean [org.springframework.cloud.context.scope.refresh:name=refreshScope,type=RefreshScope]
2020-10-08 10:06:43 o.s.j.e.a.AnnotationMBeanExporter - Located managed bean 'configurationPropertiesRebinder': registering with JMX server as MBean [org.springframework.cloud.context.properties:name=configurationPropertiesRebinder,context=29d334c,type=ConfigurationPropertiesRebinder]
2020-10-08 10:06:43 o.s.j.e.a.AnnotationMBeanExporter - Located MBean 'dataSource': registering with JMX server as MBean [com.alibaba.druid.spring.boot.autoconfigure:name=dataSource,type=DruidDataSourceWrapper]
2020-10-08 10:06:43 o.s.j.e.a.AnnotationMBeanExporter - Located MBean 'statFilter': registering with JMX server as MBean [com.alibaba.druid.filter.stat:name=statFilter,type=StatFilter]
2020-10-08 10:06:43 o.s.a.framework.CglibAopProxy - Final method [protected final java.lang.Object org.springframework.kafka.listener.adapter.MessagingMessageListenerAdapter.invokeHandler(java.lang.Object,org.springframework.kafka.support.Acknowledgment,org.springframework.messaging.Message,org.apache.kafka.clients.consumer.Consumer)] cannot get proxied via CGLIB: Calls to this method will NOT be routed to the target instance and might lead to NPEs against uninitialized fields in the proxy instance.
2020-10-08 10:06:43 o.s.a.framework.CglibAopProxy - Final method [protected final java.lang.String org.springframework.kafka.listener.adapter.MessagingMessageListenerAdapter.createMessagingErrorMessage(java.lang.String,java.lang.Object)] cannot get proxied via CGLIB: Calls to this method will NOT be routed to the target instance and might lead to NPEs against uninitialized fields in the proxy instance.
2020-10-08 10:06:43 o.s.a.framework.CglibAopProxy - Final method [protected final org.springframework.kafka.support.converter.RecordMessageConverter org.springframework.kafka.listener.adapter.MessagingMessageListenerAdapter.getMessageConverter()] cannot get proxied via CGLIB: Calls to this method will NOT be routed to the target instance and might lead to NPEs against uninitialized fields in the proxy instance.
2020-10-08 10:06:43 o.s.c.s.DefaultLifecycleProcessor - Starting beans in phase 0
2020-10-08 10:06:43 o.s.c.n.e.InstanceInfoFactory - Setting initial instance status as: STARTING
2020-10-08 10:06:44 c.n.discovery.DiscoveryClient - Initializing Eureka in region us-east-1
2020-10-08 10:06:44 c.n.d.p.DiscoveryJerseyProvider - Using JSON encoding codec LegacyJacksonJson
2020-10-08 10:06:44 c.n.d.p.DiscoveryJerseyProvider - Using JSON decoding codec LegacyJacksonJson
2020-10-08 10:06:44 c.n.d.p.DiscoveryJerseyProvider - Using XML encoding codec XStreamXml
2020-10-08 10:06:44 c.n.d.p.DiscoveryJerseyProvider - Using XML decoding codec XStreamXml
2020-10-08 10:06:44 c.n.d.s.r.a.ConfigClusterResolver - Resolving eureka endpoints via configuration
2020-10-08 10:06:44 c.n.discovery.DiscoveryClient - Disable delta property : false
2020-10-08 10:06:44 c.n.discovery.DiscoveryClient - Single vip registry refresh property : null
2020-10-08 10:06:44 c.n.discovery.DiscoveryClient - Force full registry fetch : false
2020-10-08 10:06:44 c.n.discovery.DiscoveryClient - Application is null : false
2020-10-08 10:06:44 c.n.discovery.DiscoveryClient - Registered Applications size is zero : true
2020-10-08 10:06:44 c.n.discovery.DiscoveryClient - Application version is -1: true
2020-10-08 10:06:44 c.n.discovery.DiscoveryClient - Getting all instance registry info from the eureka server
2020-10-08 10:06:44 c.n.discovery.DiscoveryClient - The response status is 200
2020-10-08 10:06:44 c.n.discovery.DiscoveryClient - Starting heartbeat executor: renew interval is: 30
2020-10-08 10:06:44 c.n.d.InstanceInfoReplicator - InstanceInfoReplicator onDemand update allowed rate per min is 4
2020-10-08 10:06:44 c.n.discovery.DiscoveryClient - Discovery Client initialized at timestamp 1602122804840 with initial instances count: 0
2020-10-08 10:06:44 o.s.c.n.e.s.EurekaServiceRegistry - Registering application springService with eureka with status UP
2020-10-08 10:06:44 c.n.discovery.DiscoveryClient - Saw local status change event StatusChangeEvent [timestamp=1602122804853, current=UP, previous=STARTING]
2020-10-08 10:06:44 c.n.discovery.DiscoveryClient - DiscoveryClient_SPRINGSERVICE/localhost:springService:8784: registering service...
2020-10-08 10:06:44 o.s.c.s.DefaultLifecycleProcessor - Starting beans in phase 2147483547
2020-10-08 10:06:44 o.a.k.c.c.ConsumerConfig - ConsumerConfig values: 
	auto.commit.interval.ms = 100
	auto.offset.reset = latest
	bootstrap.servers = [192.168.140.145:9092, 192.168.140.146:9092, 192.168.140.147:9092]
	check.crcs = true
	client.id = 
	connections.max.idle.ms = 540000
	enable.auto.commit = false
	exclude.internal.topics = true
	fetch.max.bytes = 52428800
	fetch.max.wait.ms = 500
	fetch.min.bytes = 1
	group.id = orderTestGroupid
	heartbeat.interval.ms = 3000
	interceptor.classes = null
	internal.leave.group.on.close = true
	isolation.level = read_uncommitted
	key.deserializer = class org.apache.kafka.common.serialization.StringDeserializer
	max.partition.fetch.bytes = 1048576
	max.poll.interval.ms = 300000
	max.poll.records = 500
	metadata.max.age.ms = 300000
	metric.reporters = []
	metrics.num.samples = 2
	metrics.recording.level = INFO
	metrics.sample.window.ms = 30000
	partition.assignment.strategy = [class org.apache.kafka.clients.consumer.RangeAssignor]
	receive.buffer.bytes = 65536
	reconnect.backoff.max.ms = 1000
	reconnect.backoff.ms = 50
	request.timeout.ms = 305000
	retry.backoff.ms = 100
	sasl.jaas.config = null
	sasl.kerberos.kinit.cmd = /usr/bin/kinit
	sasl.kerberos.min.time.before.relogin = 60000
	sasl.kerberos.service.name = null
	sasl.kerberos.ticket.renew.jitter = 0.05
	sasl.kerberos.ticket.renew.window.factor = 0.8
	sasl.mechanism = GSSAPI
	security.protocol = PLAINTEXT
	send.buffer.bytes = 131072
	session.timeout.ms = 15000
	ssl.cipher.suites = null
	ssl.enabled.protocols = [TLSv1.2, TLSv1.1, TLSv1]
	ssl.endpoint.identification.algorithm = null
	ssl.key.password = null
	ssl.keymanager.algorithm = SunX509
	ssl.keystore.location = null
	ssl.keystore.password = null
	ssl.keystore.type = JKS
	ssl.protocol = TLS
	ssl.provider = null
	ssl.secure.random.implementation = null
	ssl.trustmanager.algorithm = PKIX
	ssl.truststore.location = null
	ssl.truststore.password = null
	ssl.truststore.type = JKS
	value.deserializer = class org.apache.kafka.common.serialization.StringDeserializer

2020-10-08 10:06:44 o.a.k.c.utils.AppInfoParser - Kafka version : 1.0.2
2020-10-08 10:06:44 o.a.k.c.utils.AppInfoParser - Kafka commitId : 2a121f7b1d402825
2020-10-08 10:06:44 c.n.discovery.DiscoveryClient - DiscoveryClient_SPRINGSERVICE/localhost:springService:8784 - registration status: 204
2020-10-08 10:06:44 o.s.s.c.ThreadPoolTaskScheduler - Initializing ExecutorService
2020-10-08 10:06:44 o.a.c.http11.Http11NioProtocol - Starting ProtocolHandler ["http-nio-8784"]
2020-10-08 10:06:44 o.a.t.util.net.NioSelectorPool - Using a shared selector for servlet write/read
2020-10-08 10:06:45 o.s.b.w.e.t.TomcatWebServer - Tomcat started on port(s): 8784 (http) with context path ''
2020-10-08 10:06:45 o.s.c.n.e.s.EurekaAutoServiceRegistration - Updating port to 8784
2020-10-08 10:06:45 c.e.s.SpringserviceApplication - Started SpringserviceApplication in 16.848 seconds (JVM running for 18.024)
2020-10-08 10:06:45 o.a.k.c.c.i.AbstractCoordinator - [Consumer clientId=consumer-1, groupId=orderTestGroupid] Discovered group coordinator linux4:9092 (id: 2147483644 rack: null)
2020-10-08 10:06:45 o.a.k.c.c.i.ConsumerCoordinator - [Consumer clientId=consumer-1, groupId=orderTestGroupid] Revoking previously assigned partitions []
2020-10-08 10:06:45 o.s.k.l.KafkaMessageListenerContainer - partitions revoked: []
2020-10-08 10:06:45 o.a.k.c.c.i.AbstractCoordinator - [Consumer clientId=consumer-1, groupId=orderTestGroupid] (Re-)joining group
2020-10-08 10:06:48 o.a.k.c.c.i.AbstractCoordinator - [Consumer clientId=consumer-1, groupId=orderTestGroupid] Successfully joined group with generation 41
2020-10-08 10:06:48 o.a.k.c.c.i.ConsumerCoordinator - [Consumer clientId=consumer-1, groupId=orderTestGroupid] Setting newly assigned partitions [order-213-0, order-213-1]
2020-10-08 10:06:48 o.s.k.l.KafkaMessageListenerContainer - partitions assigned: [order-213-0, order-213-1]
2020-10-08 10:07:14 c.n.discovery.DiscoveryClient - Disable delta property : false
2020-10-08 10:07:14 c.n.discovery.DiscoveryClient - Single vip registry refresh property : null
2020-10-08 10:07:14 c.n.discovery.DiscoveryClient - Force full registry fetch : false
2020-10-08 10:07:14 c.n.discovery.DiscoveryClient - Application is null : false
2020-10-08 10:07:14 c.n.discovery.DiscoveryClient - Registered Applications size is zero : true
2020-10-08 10:07:14 c.n.discovery.DiscoveryClient - Application version is -1: false
2020-10-08 10:07:14 c.n.discovery.DiscoveryClient - Getting all instance registry info from the eureka server
2020-10-08 10:07:14 c.n.discovery.DiscoveryClient - The response status is 200
2020-10-08 10:11:44 c.n.d.s.r.a.ConfigClusterResolver - Resolving eureka endpoints via configuration
2020-10-08 10:16:44 c.n.d.s.r.a.ConfigClusterResolver - Resolving eureka endpoints via configuration
2020-10-08 10:21:44 c.n.d.s.r.a.ConfigClusterResolver - Resolving eureka endpoints via configuration
2020-10-08 10:26:44 c.n.d.s.r.a.ConfigClusterResolver - Resolving eureka endpoints via configuration
2020-10-08 10:28:19 o.a.c.c.C.[.[localhost].[/] - Initializing Spring FrameworkServlet 'dispatcherServlet'
2020-10-08 10:28:19 o.s.w.s.DispatcherServlet - FrameworkServlet 'dispatcherServlet': initialization started
2020-10-08 10:28:19 o.s.w.s.DispatcherServlet - FrameworkServlet 'dispatcherServlet': initialization completed in 28 ms
2020-10-08 10:28:19 c.e.s.c.OrderFlinkController - 进入新增订单《《《《《《《《《《
2020-10-08 10:28:20 io.lettuce.core.EpollProvider - Starting without optional epoll library
2020-10-08 10:28:20 io.lettuce.core.KqueueProvider - Starting without optional kqueue library
2020-10-08 10:28:20 o.s.b.f.x.XmlBeanDefinitionReader - Loading XML bean definitions from class path resource [org/springframework/jdbc/support/sql-error-codes.xml]
2020-10-08 10:29:59 o.s.c.a.AnnotationConfigApplicationContext - Refreshing org.springframework.context.annotation.AnnotationConfigApplicationContext@17a1e4ca: startup date [Thu Oct 08 10:29:59 CST 2020]; root of context hierarchy
2020-10-08 10:30:00 o.s.b.f.a.AutowiredAnnotationBeanPostProcessor - JSR-330 'javax.inject.Inject' annotation found and supported for autowiring
2020-10-08 10:30:00 o.s.c.s.PostProcessorRegistrationDelegate$BeanPostProcessorChecker - Bean 'configurationPropertiesRebinderAutoConfiguration' of type [org.springframework.cloud.autoconfigure.ConfigurationPropertiesRebinderAutoConfiguration$$EnhancerBySpringCGLIB$$b040f9d2] is not eligible for getting processed by all BeanPostProcessors (for example: not eligible for auto-proxying)
2020-10-08 10:30:01 c.e.s.SpringserviceApplication - No active profile set, falling back to default profiles: default
2020-10-08 10:30:01 o.s.b.w.s.c.AnnotationConfigServletWebServerApplicationContext - Refreshing org.springframework.boot.web.servlet.context.AnnotationConfigServletWebServerApplicationContext@1059754c: startup date [Thu Oct 08 10:30:01 CST 2020]; parent: org.springframework.context.annotation.AnnotationConfigApplicationContext@17a1e4ca
2020-10-08 10:30:02 o.s.d.r.c.RepositoryConfigurationDelegate - Multiple Spring Data modules found, entering strict repository configuration mode!
2020-10-08 10:30:02 o.s.c.c.scope.GenericScope - BeanFactory id=e43b4e13-3db1-3ae3-b61a-f91566b952a5
2020-10-08 10:30:03 o.s.b.f.a.AutowiredAnnotationBeanPostProcessor - JSR-330 'javax.inject.Inject' annotation found and supported for autowiring
2020-10-08 10:30:03 o.s.c.s.PostProcessorRegistrationDelegate$BeanPostProcessorChecker - Bean 'org.springframework.kafka.annotation.KafkaBootstrapConfiguration' of type [org.springframework.kafka.annotation.KafkaBootstrapConfiguration$$EnhancerBySpringCGLIB$$67d90858] is not eligible for getting processed by all BeanPostProcessors (for example: not eligible for auto-proxying)
2020-10-08 10:30:03 o.s.c.s.PostProcessorRegistrationDelegate$BeanPostProcessorChecker - Bean 'org.springframework.transaction.annotation.ProxyTransactionManagementConfiguration' of type [org.springframework.transaction.annotation.ProxyTransactionManagementConfiguration$$EnhancerBySpringCGLIB$$9426f6d5] is not eligible for getting processed by all BeanPostProcessors (for example: not eligible for auto-proxying)
2020-10-08 10:30:03 o.s.c.s.PostProcessorRegistrationDelegate$BeanPostProcessorChecker - Bean 'org.springframework.cloud.autoconfigure.ConfigurationPropertiesRebinderAutoConfiguration' of type [org.springframework.cloud.autoconfigure.ConfigurationPropertiesRebinderAutoConfiguration$$EnhancerBySpringCGLIB$$b040f9d2] is not eligible for getting processed by all BeanPostProcessors (for example: not eligible for auto-proxying)
2020-10-08 10:30:03 o.s.b.w.e.t.TomcatWebServer - Tomcat initialized with port(s): 8784 (http)
2020-10-08 10:30:03 o.a.c.http11.Http11NioProtocol - Initializing ProtocolHandler ["http-nio-8784"]
2020-10-08 10:30:04 o.a.c.core.StandardService - Starting service [Tomcat]
2020-10-08 10:30:04 o.a.c.core.StandardEngine - Starting Servlet Engine: Apache Tomcat/8.5.34
2020-10-08 10:30:04 o.a.c.c.AprLifecycleListener - The APR based Apache Tomcat Native library which allows optimal performance in production environments was not found on the java.library.path: [D:\soft\Java8\Java8\bin;C:\Windows\Sun\Java\bin;C:\Windows\system32;C:\Windows;D:\softapp\develop\Xshell6\Xlpd 6\;D:\softapp\develop\Xshell6\Xftp 6\;D:\softapp\develop\Xshell6\Xshell 6\;D:\softapp\develop\Xshell6\Xmanager 6\;C:\Windows\system32;C:\Windows;C:\Windows\System32\Wbem;C:\Windows\System32\WindowsPowerShell\v1.0\;C:\Windows\System32\OpenSSH\;D:\softapp\develop\Git\cmd;D:\softapp\develop\node\;E:\allSoft\develop\mysql-5.6.46-winx64\bin;D:\soft\node\new\node-v13.9.0-win-x64;D:\soft\node\new\node-v13.9.0-win-x64\node_global;D:\soft\Java8\Java8\bin;D:\softapp\develop\maven\apache-maven-3.6.3\bin;D:\softapp\develop\scala\scala-2.12.12\bin;D:\softapp\develop\tortoiseGit\bin;C:\Users\why\AppData\Local\Microsoft\WindowsApps;C:\Users\why\AppData\Local\BypassRuntm;C:\Users\why\AppData\Local\Programs\Microsoft VS Code\bin;C:\Users\why\AppData\Roaming\npm;D:\softapp\daily\bandizip\;.]
2020-10-08 10:30:04 o.a.c.c.C.[.[localhost].[/] - Initializing Spring embedded WebApplicationContext
2020-10-08 10:30:04 o.s.web.context.ContextLoader - Root WebApplicationContext: initialization completed in 2352 ms
2020-10-08 10:30:04 o.s.b.w.s.FilterRegistrationBean - Mapping filter: 'characterEncodingFilter' to: [/*]
2020-10-08 10:30:04 o.s.b.w.s.FilterRegistrationBean - Mapping filter: 'tracingFilter' to: [/*]
2020-10-08 10:30:04 o.s.b.w.s.FilterRegistrationBean - Mapping filter: 'exceptionLoggingFilter' to: [/*]
2020-10-08 10:30:04 o.s.b.w.s.FilterRegistrationBean - Mapping filter: 'hiddenHttpMethodFilter' to: [/*]
2020-10-08 10:30:04 o.s.b.w.s.FilterRegistrationBean - Mapping filter: 'httpPutFormContentFilter' to: [/*]
2020-10-08 10:30:04 o.s.b.w.s.FilterRegistrationBean - Mapping filter: 'requestContextFilter' to: [/*]
2020-10-08 10:30:04 o.s.b.w.s.FilterRegistrationBean - Mapping filter: 'webStatFilter' to urls: [/*]
2020-10-08 10:30:04 o.s.b.w.s.ServletRegistrationBean - Servlet dispatcherServlet mapped to [/]
2020-10-08 10:30:04 o.s.b.w.s.ServletRegistrationBean - Servlet statViewServlet mapped to [/druid/*]
2020-10-08 10:30:04 c.a.d.s.b.a.DruidDataSourceAutoConfigure - Init DruidDataSource
2020-10-08 10:30:05 c.a.druid.pool.DruidDataSource - {dataSource-1} inited
2020-10-08 10:30:06 org.redisson.Version - Redisson 3.11.2
2020-10-08 10:30:07 o.r.c.p.MasterPubSubConnectionPool - 1 connections initialized for 192.168.140.130/192.168.140.130:6379
2020-10-08 10:30:07 o.r.c.p.MasterConnectionPool - 24 connections initialized for 192.168.140.130/192.168.140.130:6379
2020-10-08 10:30:07 c.n.c.s.URLConfigurationSource - To enable URLs as dynamic configuration sources, define System property archaius.configurationSource.additionalUrls or make config.properties available on classpath.
2020-10-08 10:30:07 c.n.c.s.URLConfigurationSource - To enable URLs as dynamic configuration sources, define System property archaius.configurationSource.additionalUrls or make config.properties available on classpath.
2020-10-08 10:30:07 o.s.w.s.h.SimpleUrlHandlerMapping - Mapped URL path [/**/favicon.ico] onto handler of type [class org.springframework.web.servlet.resource.ResourceHttpRequestHandler]
2020-10-08 10:30:07 o.s.w.s.m.m.a.RequestMappingHandlerAdapter - Looking for @ControllerAdvice: org.springframework.boot.web.servlet.context.AnnotationConfigServletWebServerApplicationContext@1059754c: startup date [Thu Oct 08 10:30:01 CST 2020]; parent: org.springframework.context.annotation.AnnotationConfigApplicationContext@17a1e4ca
2020-10-08 10:30:07 o.s.w.s.m.m.a.RequestMappingHandlerMapping - Mapped "{[/test]}" onto public java.lang.String com.example.springservice.controller.OrderFlinkController.test(java.lang.String)
2020-10-08 10:30:07 o.s.w.s.m.m.a.RequestMappingHandlerMapping - Mapped "{[/addOrderFlink]}" onto public java.lang.String com.example.springservice.controller.OrderFlinkController.addOrderFlink(com.example.springpublic.entity.OderAddParam)
2020-10-08 10:30:07 o.s.w.s.m.m.a.RequestMappingHandlerMapping - Mapped "{[/test],methods=[GET]}" onto public java.lang.Object com.example.springservice.controller.RedissonLockTest.test()
2020-10-08 10:30:07 o.s.w.s.m.m.a.RequestMappingHandlerMapping - Mapped "{[/add],methods=[POST]}" onto public int com.example.springservice.controller.UserController.addUser(com.example.springservice.model.UserDomain)
2020-10-08 10:30:07 o.s.w.s.m.m.a.RequestMappingHandlerMapping - Mapped "{[/findRedis]}" onto public java.lang.String com.example.springservice.controller.UserController.findRedis()
2020-10-08 10:30:07 o.s.w.s.m.m.a.RequestMappingHandlerMapping - Mapped "{[/cleanRedis]}" onto public java.lang.String com.example.springservice.controller.UserController.cleanRedis()
2020-10-08 10:30:07 o.s.w.s.m.m.a.RequestMappingHandlerMapping - Mapped "{[/addOrderDetil]}" onto public java.lang.String com.example.springservice.controller.UserController.addOrderDetil(com.example.springpublic.entity.OderAddParam)
2020-10-08 10:30:07 o.s.w.s.m.m.a.RequestMappingHandlerMapping - Mapped "{[/addOrder],methods=[GET]}" onto public java.lang.Object com.example.springservice.controller.UserController.addOrder()
2020-10-08 10:30:07 o.s.w.s.m.m.a.RequestMappingHandlerMapping - Mapped "{[/error]}" onto public org.springframework.http.ResponseEntity<java.util.Map<java.lang.String, java.lang.Object>> org.springframework.boot.autoconfigure.web.servlet.error.BasicErrorController.error(javax.servlet.http.HttpServletRequest)
2020-10-08 10:30:07 o.s.w.s.m.m.a.RequestMappingHandlerMapping - Mapped "{[/error],produces=[text/html]}" onto public org.springframework.web.servlet.ModelAndView org.springframework.boot.autoconfigure.web.servlet.error.BasicErrorController.errorHtml(javax.servlet.http.HttpServletRequest,javax.servlet.http.HttpServletResponse)
2020-10-08 10:30:07 o.s.w.s.h.SimpleUrlHandlerMapping - Mapped URL path [/webjars/**] onto handler of type [class org.springframework.web.servlet.resource.ResourceHttpRequestHandler]
2020-10-08 10:30:07 o.s.w.s.h.SimpleUrlHandlerMapping - Mapped URL path [/**] onto handler of type [class org.springframework.web.servlet.resource.ResourceHttpRequestHandler]
2020-10-08 10:30:10 o.s.c.commons.util.InetUtils - Cannot determine local hostname
2020-10-08 10:30:11 o.s.c.commons.util.InetUtils - Cannot determine local hostname
2020-10-08 10:30:12 o.s.j.e.a.AnnotationMBeanExporter - Registering beans for JMX exposure on startup
2020-10-08 10:30:12 o.s.j.e.a.AnnotationMBeanExporter - Bean with name 'statFilter' has been autodetected for JMX exposure
2020-10-08 10:30:12 o.s.j.e.a.AnnotationMBeanExporter - Bean with name 'dataSource' has been autodetected for JMX exposure
2020-10-08 10:30:12 o.s.j.e.a.AnnotationMBeanExporter - Bean with name 'refreshScope' has been autodetected for JMX exposure
2020-10-08 10:30:12 o.s.j.e.a.AnnotationMBeanExporter - Bean with name 'configurationPropertiesRebinder' has been autodetected for JMX exposure
2020-10-08 10:30:12 o.s.j.e.a.AnnotationMBeanExporter - Bean with name 'environmentManager' has been autodetected for JMX exposure
2020-10-08 10:30:12 o.s.j.e.a.AnnotationMBeanExporter - Located managed bean 'environmentManager': registering with JMX server as MBean [org.springframework.cloud.context.environment:name=environmentManager,type=EnvironmentManager]
2020-10-08 10:30:12 o.s.j.e.a.AnnotationMBeanExporter - Located managed bean 'refreshScope': registering with JMX server as MBean [org.springframework.cloud.context.scope.refresh:name=refreshScope,type=RefreshScope]
2020-10-08 10:30:12 o.s.j.e.a.AnnotationMBeanExporter - Located managed bean 'configurationPropertiesRebinder': registering with JMX server as MBean [org.springframework.cloud.context.properties:name=configurationPropertiesRebinder,context=1059754c,type=ConfigurationPropertiesRebinder]
2020-10-08 10:30:12 o.s.j.e.a.AnnotationMBeanExporter - Located MBean 'dataSource': registering with JMX server as MBean [com.alibaba.druid.spring.boot.autoconfigure:name=dataSource,type=DruidDataSourceWrapper]
2020-10-08 10:30:12 o.s.j.e.a.AnnotationMBeanExporter - Located MBean 'statFilter': registering with JMX server as MBean [com.alibaba.druid.filter.stat:name=statFilter,type=StatFilter]
2020-10-08 10:30:12 o.s.a.framework.CglibAopProxy - Final method [protected final java.lang.String org.springframework.kafka.listener.adapter.MessagingMessageListenerAdapter.createMessagingErrorMessage(java.lang.String,java.lang.Object)] cannot get proxied via CGLIB: Calls to this method will NOT be routed to the target instance and might lead to NPEs against uninitialized fields in the proxy instance.
2020-10-08 10:30:12 o.s.a.framework.CglibAopProxy - Final method [protected final org.springframework.kafka.support.converter.RecordMessageConverter org.springframework.kafka.listener.adapter.MessagingMessageListenerAdapter.getMessageConverter()] cannot get proxied via CGLIB: Calls to this method will NOT be routed to the target instance and might lead to NPEs against uninitialized fields in the proxy instance.
2020-10-08 10:30:12 o.s.a.framework.CglibAopProxy - Final method [protected final java.lang.Object org.springframework.kafka.listener.adapter.MessagingMessageListenerAdapter.invokeHandler(java.lang.Object,org.springframework.kafka.support.Acknowledgment,org.springframework.messaging.Message,org.apache.kafka.clients.consumer.Consumer)] cannot get proxied via CGLIB: Calls to this method will NOT be routed to the target instance and might lead to NPEs against uninitialized fields in the proxy instance.
2020-10-08 10:30:12 o.s.c.s.DefaultLifecycleProcessor - Starting beans in phase 0
2020-10-08 10:30:12 o.s.c.n.e.InstanceInfoFactory - Setting initial instance status as: STARTING
2020-10-08 10:30:13 c.n.discovery.DiscoveryClient - Initializing Eureka in region us-east-1
2020-10-08 10:30:13 c.n.d.p.DiscoveryJerseyProvider - Using JSON encoding codec LegacyJacksonJson
2020-10-08 10:30:13 c.n.d.p.DiscoveryJerseyProvider - Using JSON decoding codec LegacyJacksonJson
2020-10-08 10:30:13 c.n.d.p.DiscoveryJerseyProvider - Using XML encoding codec XStreamXml
2020-10-08 10:30:13 c.n.d.p.DiscoveryJerseyProvider - Using XML decoding codec XStreamXml
2020-10-08 10:30:13 c.n.d.s.r.a.ConfigClusterResolver - Resolving eureka endpoints via configuration
2020-10-08 10:30:13 c.n.discovery.DiscoveryClient - Disable delta property : false
2020-10-08 10:30:13 c.n.discovery.DiscoveryClient - Single vip registry refresh property : null
2020-10-08 10:30:13 c.n.discovery.DiscoveryClient - Force full registry fetch : false
2020-10-08 10:30:13 c.n.discovery.DiscoveryClient - Application is null : false
2020-10-08 10:30:13 c.n.discovery.DiscoveryClient - Registered Applications size is zero : true
2020-10-08 10:30:13 c.n.discovery.DiscoveryClient - Application version is -1: true
2020-10-08 10:30:13 c.n.discovery.DiscoveryClient - Getting all instance registry info from the eureka server
2020-10-08 10:30:13 c.n.discovery.DiscoveryClient - The response status is 200
2020-10-08 10:30:13 c.n.discovery.DiscoveryClient - Starting heartbeat executor: renew interval is: 30
2020-10-08 10:30:13 c.n.d.InstanceInfoReplicator - InstanceInfoReplicator onDemand update allowed rate per min is 4
2020-10-08 10:30:13 c.n.discovery.DiscoveryClient - Discovery Client initialized at timestamp 1602124213806 with initial instances count: 3
2020-10-08 10:30:13 o.s.c.n.e.s.EurekaServiceRegistry - Registering application springService with eureka with status UP
2020-10-08 10:30:13 c.n.discovery.DiscoveryClient - Saw local status change event StatusChangeEvent [timestamp=1602124213818, current=UP, previous=STARTING]
2020-10-08 10:30:13 c.n.discovery.DiscoveryClient - DiscoveryClient_SPRINGSERVICE/localhost:springService:8784: registering service...
2020-10-08 10:30:13 o.s.c.s.DefaultLifecycleProcessor - Starting beans in phase 2147483547
2020-10-08 10:30:13 o.a.k.c.c.ConsumerConfig - ConsumerConfig values: 
	auto.commit.interval.ms = 100
	auto.offset.reset = latest
	bootstrap.servers = [192.168.140.145:9092, 192.168.140.146:9092, 192.168.140.147:9092]
	check.crcs = true
	client.id = 
	connections.max.idle.ms = 540000
	enable.auto.commit = false
	exclude.internal.topics = true
	fetch.max.bytes = 52428800
	fetch.max.wait.ms = 500
	fetch.min.bytes = 1
	group.id = orderTestGroupid
	heartbeat.interval.ms = 3000
	interceptor.classes = null
	internal.leave.group.on.close = true
	isolation.level = read_uncommitted
	key.deserializer = class org.apache.kafka.common.serialization.StringDeserializer
	max.partition.fetch.bytes = 1048576
	max.poll.interval.ms = 300000
	max.poll.records = 500
	metadata.max.age.ms = 300000
	metric.reporters = []
	metrics.num.samples = 2
	metrics.recording.level = INFO
	metrics.sample.window.ms = 30000
	partition.assignment.strategy = [class org.apache.kafka.clients.consumer.RangeAssignor]
	receive.buffer.bytes = 65536
	reconnect.backoff.max.ms = 1000
	reconnect.backoff.ms = 50
	request.timeout.ms = 305000
	retry.backoff.ms = 100
	sasl.jaas.config = null
	sasl.kerberos.kinit.cmd = /usr/bin/kinit
	sasl.kerberos.min.time.before.relogin = 60000
	sasl.kerberos.service.name = null
	sasl.kerberos.ticket.renew.jitter = 0.05
	sasl.kerberos.ticket.renew.window.factor = 0.8
	sasl.mechanism = GSSAPI
	security.protocol = PLAINTEXT
	send.buffer.bytes = 131072
	session.timeout.ms = 15000
	ssl.cipher.suites = null
	ssl.enabled.protocols = [TLSv1.2, TLSv1.1, TLSv1]
	ssl.endpoint.identification.algorithm = null
	ssl.key.password = null
	ssl.keymanager.algorithm = SunX509
	ssl.keystore.location = null
	ssl.keystore.password = null
	ssl.keystore.type = JKS
	ssl.protocol = TLS
	ssl.provider = null
	ssl.secure.random.implementation = null
	ssl.trustmanager.algorithm = PKIX
	ssl.truststore.location = null
	ssl.truststore.password = null
	ssl.truststore.type = JKS
	value.deserializer = class org.apache.kafka.common.serialization.StringDeserializer

2020-10-08 10:30:13 c.n.discovery.DiscoveryClient - DiscoveryClient_SPRINGSERVICE/localhost:springService:8784 - registration status: 204
2020-10-08 10:30:13 o.a.k.c.utils.AppInfoParser - Kafka version : 1.0.2
2020-10-08 10:30:13 o.a.k.c.utils.AppInfoParser - Kafka commitId : 2a121f7b1d402825
2020-10-08 10:30:13 o.s.s.c.ThreadPoolTaskScheduler - Initializing ExecutorService
2020-10-08 10:30:13 o.a.c.http11.Http11NioProtocol - Starting ProtocolHandler ["http-nio-8784"]
2020-10-08 10:30:13 o.a.t.util.net.NioSelectorPool - Using a shared selector for servlet write/read
2020-10-08 10:30:13 o.s.b.w.e.t.TomcatWebServer - Tomcat started on port(s): 8784 (http) with context path ''
2020-10-08 10:30:13 o.s.c.n.e.s.EurekaAutoServiceRegistration - Updating port to 8784
2020-10-08 10:30:13 c.e.s.SpringserviceApplication - Started SpringserviceApplication in 16.178 seconds (JVM running for 17.208)
2020-10-08 10:30:14 o.a.k.c.c.i.AbstractCoordinator - [Consumer clientId=consumer-1, groupId=orderTestGroupid] Discovered group coordinator linux4:9092 (id: 2147483644 rack: null)
2020-10-08 10:30:14 o.a.k.c.c.i.ConsumerCoordinator - [Consumer clientId=consumer-1, groupId=orderTestGroupid] Revoking previously assigned partitions []
2020-10-08 10:30:14 o.s.k.l.KafkaMessageListenerContainer - partitions revoked: []
2020-10-08 10:30:14 o.a.k.c.c.i.AbstractCoordinator - [Consumer clientId=consumer-1, groupId=orderTestGroupid] (Re-)joining group
2020-10-08 10:30:17 o.a.k.c.c.i.AbstractCoordinator - [Consumer clientId=consumer-1, groupId=orderTestGroupid] Successfully joined group with generation 43
2020-10-08 10:30:17 o.a.k.c.c.i.ConsumerCoordinator - [Consumer clientId=consumer-1, groupId=orderTestGroupid] Setting newly assigned partitions [order-213-0, order-213-1]
2020-10-08 10:30:17 o.s.k.l.KafkaMessageListenerContainer - partitions assigned: [order-213-0, order-213-1]
2020-10-08 10:30:23 o.a.c.c.C.[.[localhost].[/] - Initializing Spring FrameworkServlet 'dispatcherServlet'
2020-10-08 10:30:23 o.s.w.s.DispatcherServlet - FrameworkServlet 'dispatcherServlet': initialization started
2020-10-08 10:30:23 o.s.w.s.DispatcherServlet - FrameworkServlet 'dispatcherServlet': initialization completed in 32 ms
2020-10-08 10:30:23 c.e.s.c.OrderFlinkController - 进入新增订单《《《《《《《《《《
2020-10-08 10:30:23 io.lettuce.core.EpollProvider - Starting without optional epoll library
2020-10-08 10:30:23 io.lettuce.core.KqueueProvider - Starting without optional kqueue library
2020-10-08 10:30:24 o.s.b.f.x.XmlBeanDefinitionReader - Loading XML bean definitions from class path resource [org/springframework/jdbc/support/sql-error-codes.xml]
2020-10-08 10:30:24 c.e.s.util.Kafkautils - kafka sendMessage start
2020-10-08 10:30:24 o.a.k.c.p.ProducerConfig - ProducerConfig values: 
	acks = 1
	batch.size = 1000
	bootstrap.servers = [192.168.140.145:9092, 192.168.140.146:9092, 192.168.140.147:9092]
	buffer.memory = 33554432
	client.id = 
	compression.type = none
	connections.max.idle.ms = 540000
	enable.idempotence = false
	interceptor.classes = null
	key.serializer = class org.apache.kafka.common.serialization.StringSerializer
	linger.ms = 0
	max.block.ms = 60000
	max.in.flight.requests.per.connection = 5
	max.request.size = 1048576
	metadata.max.age.ms = 300000
	metric.reporters = []
	metrics.num.samples = 2
	metrics.recording.level = INFO
	metrics.sample.window.ms = 30000
	partitioner.class = class org.apache.kafka.clients.producer.internals.DefaultPartitioner
	receive.buffer.bytes = 32768
	reconnect.backoff.max.ms = 1000
	reconnect.backoff.ms = 50
	request.timeout.ms = 30000
	retries = 0
	retry.backoff.ms = 100
	sasl.jaas.config = null
	sasl.kerberos.kinit.cmd = /usr/bin/kinit
	sasl.kerberos.min.time.before.relogin = 60000
	sasl.kerberos.service.name = null
	sasl.kerberos.ticket.renew.jitter = 0.05
	sasl.kerberos.ticket.renew.window.factor = 0.8
	sasl.mechanism = GSSAPI
	security.protocol = PLAINTEXT
	send.buffer.bytes = 131072
	ssl.cipher.suites = null
	ssl.enabled.protocols = [TLSv1.2, TLSv1.1, TLSv1]
	ssl.endpoint.identification.algorithm = null
	ssl.key.password = null
	ssl.keymanager.algorithm = SunX509
	ssl.keystore.location = null
	ssl.keystore.password = null
	ssl.keystore.type = JKS
	ssl.protocol = TLS
	ssl.provider = null
	ssl.secure.random.implementation = null
	ssl.trustmanager.algorithm = PKIX
	ssl.truststore.location = null
	ssl.truststore.password = null
	ssl.truststore.type = JKS
	transaction.timeout.ms = 60000
	transactional.id = null
	value.serializer = class org.apache.kafka.common.serialization.StringSerializer

2020-10-08 10:30:24 o.a.k.c.utils.AppInfoParser - Kafka version : 1.0.2
2020-10-08 10:30:24 o.a.k.c.utils.AppInfoParser - Kafka commitId : 2a121f7b1d402825
2020-10-08 10:30:24 c.e.s.util.Kafkautils - kafka sendMessage end
2020-10-08 10:30:24 c.e.s.util.Kafkautils - kafka sendMessage start
2020-10-08 10:30:24 c.e.s.util.Kafkautils - kafka sendMessage end
2020-10-08 10:30:24 c.e.s.util.Kafkautils - kafka sendMessage success topic = order-213, data = {"addr":"1","amount":123.0,"commodityId":"c2","createTime":1602124223947,"id":"10","orderFlag":"8784","orderNum":1,"phoneNum":"15580275047","status":"00","usercode":"z2"}
2020-10-08 10:30:24 c.e.s.util.Kafkautils - kafka sendMessage success topic = order-213, data = {"addr":"1","amount":123.0,"commodityId":"c2","createTime":1602124223947,"id":"11","orderFlag":"8784","orderNum":1,"phoneNum":"15580275047","status":"00","usercode":"z2"}
2020-10-08 10:35:13 c.n.d.s.r.a.ConfigClusterResolver - Resolving eureka endpoints via configuration
2020-10-08 10:40:13 c.n.d.s.r.a.ConfigClusterResolver - Resolving eureka endpoints via configuration
2020-10-08 10:45:13 c.n.d.s.r.a.ConfigClusterResolver - Resolving eureka endpoints via configuration
2020-10-08 10:50:13 c.n.d.s.r.a.ConfigClusterResolver - Resolving eureka endpoints via configuration
2020-10-08 10:55:13 c.n.d.s.r.a.ConfigClusterResolver - Resolving eureka endpoints via configuration
2020-10-08 11:00:13 c.n.d.s.r.a.ConfigClusterResolver - Resolving eureka endpoints via configuration
2020-10-08 11:05:13 c.n.d.s.r.a.ConfigClusterResolver - Resolving eureka endpoints via configuration
2020-10-08 11:10:13 c.n.d.s.r.a.ConfigClusterResolver - Resolving eureka endpoints via configuration
2020-10-08 11:15:13 c.n.d.s.r.a.ConfigClusterResolver - Resolving eureka endpoints via configuration
2020-10-08 11:20:13 c.n.d.s.r.a.ConfigClusterResolver - Resolving eureka endpoints via configuration
2020-10-08 11:25:13 c.n.d.s.r.a.ConfigClusterResolver - Resolving eureka endpoints via configuration
2020-10-08 11:30:13 c.n.d.s.r.a.ConfigClusterResolver - Resolving eureka endpoints via configuration
2020-10-08 11:35:13 c.n.d.s.r.a.ConfigClusterResolver - Resolving eureka endpoints via configuration
2020-10-08 11:40:13 c.n.d.s.r.a.ConfigClusterResolver - Resolving eureka endpoints via configuration
2020-10-08 11:45:13 c.n.d.s.r.a.ConfigClusterResolver - Resolving eureka endpoints via configuration
2020-10-08 11:50:13 c.n.d.s.r.a.ConfigClusterResolver - Resolving eureka endpoints via configuration
2020-10-08 11:55:13 c.n.d.s.r.a.ConfigClusterResolver - Resolving eureka endpoints via configuration
2020-10-08 12:00:13 c.n.d.s.r.a.ConfigClusterResolver - Resolving eureka endpoints via configuration
2020-10-08 12:05:13 c.n.d.s.r.a.ConfigClusterResolver - Resolving eureka endpoints via configuration
2020-10-08 12:10:13 c.n.d.s.r.a.ConfigClusterResolver - Resolving eureka endpoints via configuration
2020-10-08 12:15:13 c.n.d.s.r.a.ConfigClusterResolver - Resolving eureka endpoints via configuration
2020-10-08 12:20:13 c.n.d.s.r.a.ConfigClusterResolver - Resolving eureka endpoints via configuration
2020-10-08 12:25:13 c.n.d.s.r.a.ConfigClusterResolver - Resolving eureka endpoints via configuration
2020-10-08 12:30:13 c.n.d.s.r.a.ConfigClusterResolver - Resolving eureka endpoints via configuration
2020-10-08 12:35:13 c.n.d.s.r.a.ConfigClusterResolver - Resolving eureka endpoints via configuration
2020-10-08 12:40:13 c.n.d.s.r.a.ConfigClusterResolver - Resolving eureka endpoints via configuration
2020-10-08 12:45:13 c.n.d.s.r.a.ConfigClusterResolver - Resolving eureka endpoints via configuration
2020-10-08 12:50:13 c.n.d.s.r.a.ConfigClusterResolver - Resolving eureka endpoints via configuration
2020-10-08 12:55:13 c.n.d.s.r.a.ConfigClusterResolver - Resolving eureka endpoints via configuration
2020-10-08 13:00:13 c.n.d.s.r.a.ConfigClusterResolver - Resolving eureka endpoints via configuration
2020-10-08 13:05:13 c.n.d.s.r.a.ConfigClusterResolver - Resolving eureka endpoints via configuration
2020-10-08 13:10:13 c.n.d.s.r.a.ConfigClusterResolver - Resolving eureka endpoints via configuration
2020-10-08 13:15:13 c.n.d.s.r.a.ConfigClusterResolver - Resolving eureka endpoints via configuration
2020-10-08 13:20:13 c.n.d.s.r.a.ConfigClusterResolver - Resolving eureka endpoints via configuration
2020-10-08 13:25:13 c.n.d.s.r.a.ConfigClusterResolver - Resolving eureka endpoints via configuration
2020-10-08 13:30:13 c.n.d.s.r.a.ConfigClusterResolver - Resolving eureka endpoints via configuration
2020-10-08 13:35:13 c.n.d.s.r.a.ConfigClusterResolver - Resolving eureka endpoints via configuration
2020-10-08 13:40:13 c.n.d.s.r.a.ConfigClusterResolver - Resolving eureka endpoints via configuration
2020-10-08 13:45:13 c.n.d.s.r.a.ConfigClusterResolver - Resolving eureka endpoints via configuration
2020-10-08 13:50:13 c.n.d.s.r.a.ConfigClusterResolver - Resolving eureka endpoints via configuration
2020-10-08 13:55:13 c.n.d.s.r.a.ConfigClusterResolver - Resolving eureka endpoints via configuration
2020-10-08 14:00:13 c.n.d.s.r.a.ConfigClusterResolver - Resolving eureka endpoints via configuration
2020-10-08 14:05:13 c.n.d.s.r.a.ConfigClusterResolver - Resolving eureka endpoints via configuration
2020-10-08 14:10:13 c.n.d.s.r.a.ConfigClusterResolver - Resolving eureka endpoints via configuration
2020-10-08 14:15:13 c.n.d.s.r.a.ConfigClusterResolver - Resolving eureka endpoints via configuration
2020-10-08 14:20:13 c.n.d.s.r.a.ConfigClusterResolver - Resolving eureka endpoints via configuration
2020-10-08 14:25:13 c.n.d.s.r.a.ConfigClusterResolver - Resolving eureka endpoints via configuration
2020-10-08 14:30:13 c.n.d.s.r.a.ConfigClusterResolver - Resolving eureka endpoints via configuration
2020-10-08 14:35:13 c.n.d.s.r.a.ConfigClusterResolver - Resolving eureka endpoints via configuration
2020-10-08 14:40:13 c.n.d.s.r.a.ConfigClusterResolver - Resolving eureka endpoints via configuration
2020-10-08 14:45:13 c.n.d.s.r.a.ConfigClusterResolver - Resolving eureka endpoints via configuration
2020-10-08 14:50:13 c.n.d.s.r.a.ConfigClusterResolver - Resolving eureka endpoints via configuration
2020-10-08 14:55:13 c.n.d.s.r.a.ConfigClusterResolver - Resolving eureka endpoints via configuration
2020-10-08 15:00:13 c.n.d.s.r.a.ConfigClusterResolver - Resolving eureka endpoints via configuration
2020-10-08 15:05:13 c.n.d.s.r.a.ConfigClusterResolver - Resolving eureka endpoints via configuration
2020-10-08 15:10:13 c.n.d.s.r.a.ConfigClusterResolver - Resolving eureka endpoints via configuration
2020-10-08 15:15:13 c.n.d.s.r.a.ConfigClusterResolver - Resolving eureka endpoints via configuration
2020-10-08 15:20:13 c.n.d.s.r.a.ConfigClusterResolver - Resolving eureka endpoints via configuration
2020-10-08 15:25:13 c.n.d.s.r.a.ConfigClusterResolver - Resolving eureka endpoints via configuration
2020-10-08 15:30:13 c.n.d.s.r.a.ConfigClusterResolver - Resolving eureka endpoints via configuration
2020-10-08 15:35:13 c.n.d.s.r.a.ConfigClusterResolver - Resolving eureka endpoints via configuration
2020-10-08 15:40:13 c.n.d.s.r.a.ConfigClusterResolver - Resolving eureka endpoints via configuration
2020-10-08 15:45:13 c.n.d.s.r.a.ConfigClusterResolver - Resolving eureka endpoints via configuration
2020-10-08 15:50:13 c.n.d.s.r.a.ConfigClusterResolver - Resolving eureka endpoints via configuration
2020-10-08 15:55:13 c.n.d.s.r.a.ConfigClusterResolver - Resolving eureka endpoints via configuration
2020-10-08 16:00:13 c.n.d.s.r.a.ConfigClusterResolver - Resolving eureka endpoints via configuration
2020-10-08 16:05:13 c.n.d.s.r.a.ConfigClusterResolver - Resolving eureka endpoints via configuration
2020-10-08 16:10:13 c.n.d.s.r.a.ConfigClusterResolver - Resolving eureka endpoints via configuration
2020-10-08 16:15:13 c.n.d.s.r.a.ConfigClusterResolver - Resolving eureka endpoints via configuration
2020-10-08 16:20:13 c.n.d.s.r.a.ConfigClusterResolver - Resolving eureka endpoints via configuration
2020-10-08 16:25:13 c.n.d.s.r.a.ConfigClusterResolver - Resolving eureka endpoints via configuration
2020-10-08 16:30:13 c.n.d.s.r.a.ConfigClusterResolver - Resolving eureka endpoints via configuration
2020-10-08 16:35:13 c.n.d.s.r.a.ConfigClusterResolver - Resolving eureka endpoints via configuration
2020-10-08 16:40:13 c.n.d.s.r.a.ConfigClusterResolver - Resolving eureka endpoints via configuration
2020-10-08 16:45:13 c.n.d.s.r.a.ConfigClusterResolver - Resolving eureka endpoints via configuration
2020-10-08 16:50:13 c.n.d.s.r.a.ConfigClusterResolver - Resolving eureka endpoints via configuration
2020-10-08 16:55:13 c.n.d.s.r.a.ConfigClusterResolver - Resolving eureka endpoints via configuration
2020-10-08 17:00:13 c.n.d.s.r.a.ConfigClusterResolver - Resolving eureka endpoints via configuration
2020-10-08 17:05:13 c.n.d.s.r.a.ConfigClusterResolver - Resolving eureka endpoints via configuration
2020-10-08 17:05:18 o.a.k.c.c.i.AbstractCoordinator - [Consumer clientId=consumer-1, groupId=orderTestGroupid] Group coordinator linux4:9092 (id: 2147483644 rack: null) is unavailable or invalid, will attempt rediscovery
2020-10-08 17:05:19 o.a.k.c.c.i.AbstractCoordinator - [Consumer clientId=consumer-1, groupId=orderTestGroupid] Discovered group coordinator linux3:9092 (id: 2147483645 rack: null)
2020-10-08 17:05:22 o.a.k.c.c.i.AbstractCoordinator - [Consumer clientId=consumer-1, groupId=orderTestGroupid] Group coordinator linux3:9092 (id: 2147483645 rack: null) is unavailable or invalid, will attempt rediscovery
2020-10-08 17:05:22 o.a.k.c.c.i.AbstractCoordinator - [Consumer clientId=consumer-1, groupId=orderTestGroupid] Discovered group coordinator linux3:9092 (id: 2147483645 rack: null)
2020-10-08 17:06:01 o.a.k.c.c.i.AbstractCoordinator - [Consumer clientId=consumer-1, groupId=orderTestGroupid] Group coordinator linux3:9092 (id: 2147483645 rack: null) is unavailable or invalid, will attempt rediscovery
2020-10-08 17:06:01 o.a.k.c.c.i.AbstractCoordinator - [Consumer clientId=consumer-1, groupId=orderTestGroupid] Discovered group coordinator linux4:9092 (id: 2147483644 rack: null)
2020-10-08 17:09:23 o.a.k.c.c.i.AbstractCoordinator - [Consumer clientId=consumer-1, groupId=orderTestGroupid] Group coordinator linux4:9092 (id: 2147483644 rack: null) is unavailable or invalid, will attempt rediscovery
2020-10-08 17:09:23 o.a.k.c.c.i.AbstractCoordinator - [Consumer clientId=consumer-1, groupId=orderTestGroupid] Discovered group coordinator linux3:9092 (id: 2147483645 rack: null)
2020-10-08 17:10:13 c.n.d.s.r.a.ConfigClusterResolver - Resolving eureka endpoints via configuration
2020-10-08 17:11:02 o.a.k.c.c.i.AbstractCoordinator - [Consumer clientId=consumer-1, groupId=orderTestGroupid] Group coordinator linux3:9092 (id: 2147483645 rack: null) is unavailable or invalid, will attempt rediscovery
2020-10-08 17:11:02 o.a.k.c.c.i.AbstractCoordinator - [Consumer clientId=consumer-1, groupId=orderTestGroupid] Discovered group coordinator linux4:9092 (id: 2147483644 rack: null)
2020-10-08 17:15:13 c.n.d.s.r.a.ConfigClusterResolver - Resolving eureka endpoints via configuration
2020-10-08 17:20:13 c.n.d.s.r.a.ConfigClusterResolver - Resolving eureka endpoints via configuration
2020-10-08 17:25:13 c.n.d.s.r.a.ConfigClusterResolver - Resolving eureka endpoints via configuration
2020-10-08 17:30:13 c.n.d.s.r.a.ConfigClusterResolver - Resolving eureka endpoints via configuration
2020-10-08 17:35:13 c.n.d.s.r.a.ConfigClusterResolver - Resolving eureka endpoints via configuration
2020-10-08 17:40:13 c.n.d.s.r.a.ConfigClusterResolver - Resolving eureka endpoints via configuration
2020-10-08 17:45:13 c.n.d.s.r.a.ConfigClusterResolver - Resolving eureka endpoints via configuration
2020-10-08 17:50:13 c.n.d.s.r.a.ConfigClusterResolver - Resolving eureka endpoints via configuration
2020-10-08 17:55:13 c.n.d.s.r.a.ConfigClusterResolver - Resolving eureka endpoints via configuration
